{"/Users/ankan-macbook/Desktop/Code/EnSolv/backend/src/index.js": {"path":"/Users/ankan-macbook/Desktop/Code/EnSolv/backend/src/index.js","statementMap":{"0":{"start":{"line":19,"column":0},"end":{"line":19,"column":16}},"1":{"start":{"line":21,"column":13},"end":{"line":21,"column":37}},"2":{"start":{"line":23,"column":12},"end":{"line":23,"column":21}},"3":{"start":{"line":24,"column":0},"end":{"line":24,"column":16}},"4":{"start":{"line":33,"column":0},"end":{"line":43,"column":3}},"5":{"start":{"line":34,"column":20},"end":{"line":34,"column":44}},"6":{"start":{"line":35,"column":2},"end":{"line":35,"column":81}},"7":{"start":{"line":38,"column":2},"end":{"line":40,"column":5}},"8":{"start":{"line":39,"column":4},"end":{"line":39,"column":95}},"9":{"start":{"line":42,"column":2},"end":{"line":42,"column":9}},"10":{"start":{"line":45,"column":0},"end":{"line":45,"column":24}},"11":{"start":{"line":53,"column":0},"end":{"line":60,"column":3}},"12":{"start":{"line":54,"column":2},"end":{"line":59,"column":5}},"13":{"start":{"line":72,"column":0},"end":{"line":138,"column":3}},"14":{"start":{"line":73,"column":20},"end":{"line":73,"column":30}},"15":{"start":{"line":74,"column":22},"end":{"line":74,"column":31}},"16":{"start":{"line":77,"column":2},"end":{"line":83,"column":3}},"17":{"start":{"line":78,"column":4},"end":{"line":78,"column":63}},"18":{"start":{"line":79,"column":4},"end":{"line":82,"column":7}},"19":{"start":{"line":86,"column":2},"end":{"line":92,"column":3}},"20":{"start":{"line":87,"column":4},"end":{"line":87,"column":72}},"21":{"start":{"line":88,"column":4},"end":{"line":91,"column":7}},"22":{"start":{"line":94,"column":2},"end":{"line":137,"column":3}},"23":{"start":{"line":95,"column":4},"end":{"line":95,"column":62}},"24":{"start":{"line":96,"column":26},"end":{"line":96,"column":71}},"25":{"start":{"line":98,"column":25},"end":{"line":98,"column":47}},"26":{"start":{"line":99,"column":4},"end":{"line":99,"column":81}},"27":{"start":{"line":102,"column":21},"end":{"line":109,"column":5}},"28":{"start":{"line":111,"column":4},"end":{"line":111,"column":23}},"29":{"start":{"line":114,"column":25},"end":{"line":114,"column":47}},"30":{"start":{"line":115,"column":4},"end":{"line":115,"column":97}},"31":{"start":{"line":118,"column":4},"end":{"line":123,"column":5}},"32":{"start":{"line":119,"column":6},"end":{"line":122,"column":9}},"33":{"start":{"line":125,"column":4},"end":{"line":130,"column":5}},"34":{"start":{"line":126,"column":6},"end":{"line":129,"column":9}},"35":{"start":{"line":133,"column":4},"end":{"line":136,"column":7}},"36":{"start":{"line":146,"column":0},"end":{"line":188,"column":3}},"37":{"start":{"line":147,"column":2},"end":{"line":187,"column":5}},"38":{"start":{"line":197,"column":0},"end":{"line":203,"column":3}},"39":{"start":{"line":198,"column":2},"end":{"line":198,"column":73}},"40":{"start":{"line":199,"column":2},"end":{"line":202,"column":5}},"41":{"start":{"line":214,"column":0},"end":{"line":220,"column":3}},"42":{"start":{"line":215,"column":2},"end":{"line":215,"column":43}},"43":{"start":{"line":216,"column":2},"end":{"line":219,"column":5}},"44":{"start":{"line":226,"column":0},"end":{"line":231,"column":3}},"45":{"start":{"line":227,"column":2},"end":{"line":227,"column":77}},"46":{"start":{"line":228,"column":2},"end":{"line":228,"column":66}},"47":{"start":{"line":229,"column":2},"end":{"line":229,"column":64}},"48":{"start":{"line":230,"column":2},"end":{"line":230,"column":100}}},"fnMap":{"0":{"name":"(anonymous_0)","decl":{"start":{"line":33,"column":8},"end":{"line":33,"column":9}},"loc":{"start":{"line":33,"column":28},"end":{"line":43,"column":1}},"line":33},"1":{"name":"(anonymous_1)","decl":{"start":{"line":38,"column":19},"end":{"line":38,"column":20}},"loc":{"start":{"line":38,"column":25},"end":{"line":40,"column":3}},"line":38},"2":{"name":"(anonymous_2)","decl":{"start":{"line":53,"column":19},"end":{"line":53,"column":20}},"loc":{"start":{"line":53,"column":34},"end":{"line":60,"column":1}},"line":53},"3":{"name":"(anonymous_3)","decl":{"start":{"line":72,"column":22},"end":{"line":72,"column":23}},"loc":{"start":{"line":72,"column":42},"end":{"line":138,"column":1}},"line":72},"4":{"name":"(anonymous_4)","decl":{"start":{"line":146,"column":21},"end":{"line":146,"column":22}},"loc":{"start":{"line":146,"column":36},"end":{"line":188,"column":1}},"line":146},"5":{"name":"(anonymous_5)","decl":{"start":{"line":197,"column":13},"end":{"line":197,"column":14}},"loc":{"start":{"line":197,"column":27},"end":{"line":203,"column":1}},"line":197},"6":{"name":"(anonymous_6)","decl":{"start":{"line":214,"column":8},"end":{"line":214,"column":9}},"loc":{"start":{"line":214,"column":35},"end":{"line":220,"column":1}},"line":214},"7":{"name":"(anonymous_7)","decl":{"start":{"line":226,"column":17},"end":{"line":226,"column":18}},"loc":{"start":{"line":226,"column":23},"end":{"line":231,"column":1}},"line":226}},"branchMap":{"0":{"loc":{"start":{"line":21,"column":13},"end":{"line":21,"column":37}},"type":"binary-expr","locations":[{"start":{"line":21,"column":13},"end":{"line":21,"column":29}},{"start":{"line":21,"column":33},"end":{"line":21,"column":37}}],"line":21},"1":{"loc":{"start":{"line":77,"column":2},"end":{"line":83,"column":3}},"type":"if","locations":[{"start":{"line":77,"column":2},"end":{"line":83,"column":3}},{"start":{},"end":{}}],"line":77},"2":{"loc":{"start":{"line":77,"column":6},"end":{"line":77,"column":45}},"type":"binary-expr","locations":[{"start":{"line":77,"column":6},"end":{"line":77,"column":14}},{"start":{"line":77,"column":18},"end":{"line":77,"column":45}}],"line":77},"3":{"loc":{"start":{"line":86,"column":2},"end":{"line":92,"column":3}},"type":"if","locations":[{"start":{"line":86,"column":2},"end":{"line":92,"column":3}},{"start":{},"end":{}}],"line":86},"4":{"loc":{"start":{"line":118,"column":4},"end":{"line":123,"column":5}},"type":"if","locations":[{"start":{"line":118,"column":4},"end":{"line":123,"column":5}},{"start":{},"end":{}}],"line":118},"5":{"loc":{"start":{"line":125,"column":4},"end":{"line":130,"column":5}},"type":"if","locations":[{"start":{"line":125,"column":4},"end":{"line":130,"column":5}},{"start":{},"end":{}}],"line":125},"6":{"loc":{"start":{"line":125,"column":8},"end":{"line":125,"column":78}},"type":"binary-expr","locations":[{"start":{"line":125,"column":8},"end":{"line":125,"column":41}},{"start":{"line":125,"column":45},"end":{"line":125,"column":78}}],"line":125}},"s":{"0":0,"1":0,"2":0,"3":0,"4":0,"5":0,"6":0,"7":0,"8":0,"9":0,"10":0,"11":0,"12":0,"13":0,"14":0,"15":0,"16":0,"17":0,"18":0,"19":0,"20":0,"21":0,"22":0,"23":0,"24":0,"25":0,"26":0,"27":0,"28":0,"29":0,"30":0,"31":0,"32":0,"33":0,"34":0,"35":0,"36":0,"37":0,"38":0,"39":0,"40":0,"41":0,"42":0,"43":0,"44":0,"45":0,"46":0,"47":0,"48":0},"f":{"0":0,"1":0,"2":0,"3":0,"4":0,"5":0,"6":0,"7":0},"b":{"0":[0,0],"1":[0,0],"2":[0,0],"3":[0,0],"4":[0,0],"5":[0,0],"6":[0,0]},"inputSourceMap":null}
,"/Users/ankan-macbook/Desktop/Code/EnSolv/backend/src/portfolioService.js": {"path":"/Users/ankan-macbook/Desktop/Code/EnSolv/backend/src/portfolioService.js","statementMap":{"0":{"start":{"line":25,"column":4},"end":{"line":25,"column":15}},"1":{"start":{"line":28,"column":24},"end":{"line":28,"column":55}},"2":{"start":{"line":31,"column":20},"end":{"line":35,"column":1}},"3":{"start":{"line":38,"column":27},"end":{"line":38,"column":30}},"4":{"start":{"line":41,"column":14},"end":{"line":41,"column":23}},"5":{"start":{"line":51,"column":2},"end":{"line":61,"column":3}},"6":{"start":{"line":52,"column":30},"end":{"line":52,"column":46}},"7":{"start":{"line":53,"column":4},"end":{"line":56,"column":5}},"8":{"start":{"line":54,"column":6},"end":{"line":54,"column":98}},"9":{"start":{"line":55,"column":6},"end":{"line":55,"column":15}},"10":{"start":{"line":57,"column":4},"end":{"line":57,"column":68}},"11":{"start":{"line":59,"column":4},"end":{"line":59,"column":85}},"12":{"start":{"line":60,"column":4},"end":{"line":60,"column":13}},"13":{"start":{"line":70,"column":2},"end":{"line":70,"column":97}},"14":{"start":{"line":79,"column":16},"end":{"line":79,"column":30}},"15":{"start":{"line":80,"column":2},"end":{"line":80,"column":26}},"16":{"start":{"line":80,"column":14},"end":{"line":80,"column":26}},"17":{"start":{"line":81,"column":2},"end":{"line":84,"column":3}},"18":{"start":{"line":82,"column":4},"end":{"line":82,"column":22}},"19":{"start":{"line":83,"column":4},"end":{"line":83,"column":16}},"20":{"start":{"line":85,"column":2},"end":{"line":85,"column":21}},"21":{"start":{"line":89,"column":21},"end":{"line":122,"column":1}},"22":{"start":{"line":124,"column":23},"end":{"line":157,"column":1}},"23":{"start":{"line":166,"column":2},"end":{"line":204,"column":3}},"24":{"start":{"line":168,"column":4},"end":{"line":193,"column":5}},"25":{"start":{"line":169,"column":6},"end":{"line":169,"column":80}},"26":{"start":{"line":170,"column":6},"end":{"line":192,"column":8}},"27":{"start":{"line":195,"column":19},"end":{"line":195,"column":58}},"28":{"start":{"line":196,"column":17},"end":{"line":196,"column":84}},"29":{"start":{"line":197,"column":4},"end":{"line":200,"column":6}},"30":{"start":{"line":202,"column":4},"end":{"line":202,"column":65}},"31":{"start":{"line":203,"column":4},"end":{"line":203,"column":57}},"32":{"start":{"line":214,"column":2},"end":{"line":243,"column":3}},"33":{"start":{"line":216,"column":4},"end":{"line":232,"column":5}},"34":{"start":{"line":217,"column":6},"end":{"line":217,"column":82}},"35":{"start":{"line":218,"column":6},"end":{"line":231,"column":8}},"36":{"start":{"line":234,"column":19},"end":{"line":234,"column":60}},"37":{"start":{"line":235,"column":17},"end":{"line":235,"column":86}},"38":{"start":{"line":236,"column":4},"end":{"line":239,"column":6}},"39":{"start":{"line":241,"column":4},"end":{"line":241,"column":67}},"40":{"start":{"line":242,"column":4},"end":{"line":242,"column":58}},"41":{"start":{"line":254,"column":2},"end":{"line":324,"column":3}},"42":{"start":{"line":256,"column":25},"end":{"line":258,"column":32}},"43":{"start":{"line":257,"column":22},"end":{"line":257,"column":45}},"44":{"start":{"line":258,"column":20},"end":{"line":258,"column":31}},"45":{"start":{"line":260,"column":4},"end":{"line":269,"column":5}},"46":{"start":{"line":261,"column":6},"end":{"line":261,"column":75}},"47":{"start":{"line":263,"column":25},"end":{"line":263,"column":27}},"48":{"start":{"line":264,"column":6},"end":{"line":267,"column":9}},"49":{"start":{"line":265,"column":21},"end":{"line":265,"column":42}},"50":{"start":{"line":266,"column":8},"end":{"line":266,"column":67}},"51":{"start":{"line":268,"column":6},"end":{"line":268,"column":24}},"52":{"start":{"line":272,"column":21},"end":{"line":272,"column":68}},"53":{"start":{"line":272,"column":44},"end":{"line":272,"column":57}},"54":{"start":{"line":273,"column":20},"end":{"line":273,"column":75}},"55":{"start":{"line":275,"column":4},"end":{"line":275,"column":57}},"56":{"start":{"line":278,"column":21},"end":{"line":283,"column":6}},"57":{"start":{"line":285,"column":19},"end":{"line":285,"column":21}},"58":{"start":{"line":288,"column":4},"end":{"line":312,"column":5}},"59":{"start":{"line":289,"column":6},"end":{"line":311,"column":9}},"60":{"start":{"line":290,"column":28},"end":{"line":290,"column":51}},"61":{"start":{"line":291,"column":8},"end":{"line":310,"column":9}},"62":{"start":{"line":292,"column":28},"end":{"line":292,"column":86}},"63":{"start":{"line":292,"column":62},"end":{"line":292,"column":85}},"64":{"start":{"line":293,"column":10},"end":{"line":309,"column":11}},"65":{"start":{"line":295,"column":12},"end":{"line":308,"column":13}},"66":{"start":{"line":296,"column":35},"end":{"line":296,"column":69}},"67":{"start":{"line":297,"column":38},"end":{"line":297,"column":79}},"68":{"start":{"line":298,"column":28},"end":{"line":298,"column":72}},"69":{"start":{"line":301,"column":14},"end":{"line":305,"column":15}},"70":{"start":{"line":302,"column":16},"end":{"line":302,"column":54}},"71":{"start":{"line":304,"column":16},"end":{"line":304,"column":82}},"72":{"start":{"line":307,"column":14},"end":{"line":307,"column":86}},"73":{"start":{"line":314,"column":4},"end":{"line":314,"column":18}},"74":{"start":{"line":316,"column":4},"end":{"line":316,"column":64}},"75":{"start":{"line":318,"column":23},"end":{"line":318,"column":25}},"76":{"start":{"line":319,"column":4},"end":{"line":322,"column":7}},"77":{"start":{"line":320,"column":19},"end":{"line":320,"column":40}},"78":{"start":{"line":321,"column":6},"end":{"line":321,"column":65}},"79":{"start":{"line":323,"column":4},"end":{"line":323,"column":22}},"80":{"start":{"line":335,"column":42},"end":{"line":335,"column":50}},"81":{"start":{"line":336,"column":62},"end":{"line":336,"column":66}},"82":{"start":{"line":338,"column":2},"end":{"line":338,"column":55}},"83":{"start":{"line":338,"column":43},"end":{"line":338,"column":55}},"84":{"start":{"line":341,"column":20},"end":{"line":341,"column":79}},"85":{"start":{"line":344,"column":23},"end":{"line":344,"column":92}},"86":{"start":{"line":345,"column":23},"end":{"line":345,"column":92}},"87":{"start":{"line":348,"column":22},"end":{"line":348,"column":58}},"88":{"start":{"line":349,"column":22},"end":{"line":349,"column":58}},"89":{"start":{"line":351,"column":22},"end":{"line":351,"column":48}},"90":{"start":{"line":352,"column":22},"end":{"line":352,"column":48}},"91":{"start":{"line":353,"column":21},"end":{"line":353,"column":46}},"92":{"start":{"line":355,"column":2},"end":{"line":371,"column":4}},"93":{"start":{"line":381,"column":2},"end":{"line":538,"column":3}},"94":{"start":{"line":383,"column":2},"end":{"line":385,"column":3}},"95":{"start":{"line":384,"column":4},"end":{"line":384,"column":55}},"96":{"start":{"line":388,"column":19},"end":{"line":388,"column":36}},"97":{"start":{"line":389,"column":4},"end":{"line":392,"column":5}},"98":{"start":{"line":390,"column":6},"end":{"line":390,"column":55}},"99":{"start":{"line":391,"column":6},"end":{"line":391,"column":41}},"100":{"start":{"line":394,"column":4},"end":{"line":394,"column":67}},"101":{"start":{"line":397,"column":41},"end":{"line":400,"column":6}},"102":{"start":{"line":403,"column":27},"end":{"line":403,"column":36}},"103":{"start":{"line":406,"column":4},"end":{"line":406,"column":87}},"104":{"start":{"line":406,"column":49},"end":{"line":406,"column":85}},"105":{"start":{"line":407,"column":4},"end":{"line":407,"column":92}},"106":{"start":{"line":407,"column":53},"end":{"line":407,"column":90}},"107":{"start":{"line":410,"column":4},"end":{"line":413,"column":7}},"108":{"start":{"line":411,"column":6},"end":{"line":411,"column":50}},"109":{"start":{"line":412,"column":6},"end":{"line":412,"column":50}},"110":{"start":{"line":414,"column":4},"end":{"line":417,"column":7}},"111":{"start":{"line":415,"column":6},"end":{"line":415,"column":50}},"112":{"start":{"line":416,"column":6},"end":{"line":416,"column":50}},"113":{"start":{"line":420,"column":19},"end":{"line":420,"column":68}},"114":{"start":{"line":423,"column":26},"end":{"line":423,"column":28}},"115":{"start":{"line":424,"column":30},"end":{"line":424,"column":31}},"116":{"start":{"line":427,"column":4},"end":{"line":445,"column":7}},"117":{"start":{"line":428,"column":21},"end":{"line":428,"column":99}},"118":{"start":{"line":429,"column":20},"end":{"line":429,"column":63}},"119":{"start":{"line":430,"column":23},"end":{"line":430,"column":37}},"120":{"start":{"line":432,"column":6},"end":{"line":442,"column":9}},"121":{"start":{"line":444,"column":6},"end":{"line":444,"column":38}},"122":{"start":{"line":448,"column":4},"end":{"line":466,"column":7}},"123":{"start":{"line":449,"column":21},"end":{"line":449,"column":102}},"124":{"start":{"line":450,"column":20},"end":{"line":450,"column":64}},"125":{"start":{"line":451,"column":23},"end":{"line":451,"column":37}},"126":{"start":{"line":453,"column":6},"end":{"line":463,"column":9}},"127":{"start":{"line":465,"column":6},"end":{"line":465,"column":38}},"128":{"start":{"line":469,"column":31},"end":{"line":469,"column":33}},"129":{"start":{"line":472,"column":4},"end":{"line":482,"column":7}},"130":{"start":{"line":473,"column":22},"end":{"line":473,"column":71}},"131":{"start":{"line":474,"column":6},"end":{"line":481,"column":7}},"132":{"start":{"line":475,"column":8},"end":{"line":479,"column":11}},"133":{"start":{"line":480,"column":8},"end":{"line":480,"column":53}},"134":{"start":{"line":485,"column":4},"end":{"line":495,"column":7}},"135":{"start":{"line":486,"column":22},"end":{"line":486,"column":71}},"136":{"start":{"line":487,"column":6},"end":{"line":494,"column":7}},"137":{"start":{"line":488,"column":8},"end":{"line":492,"column":11}},"138":{"start":{"line":493,"column":8},"end":{"line":493,"column":53}},"139":{"start":{"line":498,"column":25},"end":{"line":503,"column":55}},"140":{"start":{"line":499,"column":19},"end":{"line":499,"column":42}},"141":{"start":{"line":500,"column":26},"end":{"line":500,"column":42}},"142":{"start":{"line":502,"column":22},"end":{"line":502,"column":46}},"143":{"start":{"line":503,"column":29},"end":{"line":503,"column":51}},"144":{"start":{"line":505,"column":27},"end":{"line":510,"column":55}},"145":{"start":{"line":506,"column":19},"end":{"line":506,"column":44}},"146":{"start":{"line":507,"column":26},"end":{"line":507,"column":42}},"147":{"start":{"line":509,"column":22},"end":{"line":509,"column":48}},"148":{"start":{"line":510,"column":29},"end":{"line":510,"column":51}},"149":{"start":{"line":512,"column":22},"end":{"line":527,"column":5}},"150":{"start":{"line":530,"column":4},"end":{"line":530,"column":33}},"151":{"start":{"line":531,"column":4},"end":{"line":531,"column":65}},"152":{"start":{"line":533,"column":4},"end":{"line":533,"column":21}},"153":{"start":{"line":536,"column":4},"end":{"line":536,"column":63}},"154":{"start":{"line":537,"column":4},"end":{"line":537,"column":16}}},"fnMap":{"0":{"name":"safeFormatUnits","decl":{"start":{"line":50,"column":9},"end":{"line":50,"column":24}},"loc":{"start":{"line":50,"column":67},"end":{"line":62,"column":1}},"line":50},"1":{"name":"setCache","decl":{"start":{"line":69,"column":9},"end":{"line":69,"column":17}},"loc":{"start":{"line":69,"column":30},"end":{"line":71,"column":1}},"line":69},"2":{"name":"getCache","decl":{"start":{"line":78,"column":9},"end":{"line":78,"column":17}},"loc":{"start":{"line":78,"column":23},"end":{"line":86,"column":1}},"line":78},"3":{"name":"fetchPolygonData","decl":{"start":{"line":165,"column":15},"end":{"line":165,"column":31}},"loc":{"start":{"line":165,"column":41},"end":{"line":205,"column":1}},"line":165},"4":{"name":"fetchRootstockData","decl":{"start":{"line":213,"column":15},"end":{"line":213,"column":33}},"loc":{"start":{"line":213,"column":43},"end":{"line":244,"column":1}},"line":213},"5":{"name":"fetchPythPrices","decl":{"start":{"line":253,"column":15},"end":{"line":253,"column":30}},"loc":{"start":{"line":253,"column":47},"end":{"line":325,"column":1}},"line":253},"6":{"name":"(anonymous_6)","decl":{"start":{"line":257,"column":11},"end":{"line":257,"column":12}},"loc":{"start":{"line":257,"column":22},"end":{"line":257,"column":45}},"line":257},"7":{"name":"(anonymous_7)","decl":{"start":{"line":258,"column":14},"end":{"line":258,"column":15}},"loc":{"start":{"line":258,"column":20},"end":{"line":258,"column":31}},"line":258},"8":{"name":"(anonymous_8)","decl":{"start":{"line":264,"column":29},"end":{"line":264,"column":30}},"loc":{"start":{"line":264,"column":40},"end":{"line":267,"column":7}},"line":264},"9":{"name":"(anonymous_9)","decl":{"start":{"line":272,"column":38},"end":{"line":272,"column":39}},"loc":{"start":{"line":272,"column":44},"end":{"line":272,"column":57}},"line":272},"10":{"name":"(anonymous_10)","decl":{"start":{"line":289,"column":29},"end":{"line":289,"column":30}},"loc":{"start":{"line":289,"column":40},"end":{"line":311,"column":7}},"line":289},"11":{"name":"(anonymous_11)","decl":{"start":{"line":292,"column":54},"end":{"line":292,"column":55}},"loc":{"start":{"line":292,"column":62},"end":{"line":292,"column":85}},"line":292},"12":{"name":"(anonymous_12)","decl":{"start":{"line":319,"column":27},"end":{"line":319,"column":28}},"loc":{"start":{"line":319,"column":38},"end":{"line":322,"column":5}},"line":319},"13":{"name":"calculateLiquidityPositionValue","decl":{"start":{"line":334,"column":9},"end":{"line":334,"column":40}},"loc":{"start":{"line":334,"column":59},"end":{"line":372,"column":1}},"line":334},"14":{"name":"getPortfolioData","decl":{"start":{"line":380,"column":22},"end":{"line":380,"column":38}},"loc":{"start":{"line":380,"column":48},"end":{"line":539,"column":1}},"line":380},"15":{"name":"(anonymous_15)","decl":{"start":{"line":406,"column":38},"end":{"line":406,"column":39}},"loc":{"start":{"line":406,"column":49},"end":{"line":406,"column":85}},"line":406},"16":{"name":"(anonymous_16)","decl":{"start":{"line":407,"column":41},"end":{"line":407,"column":42}},"loc":{"start":{"line":407,"column":53},"end":{"line":407,"column":90}},"line":407},"17":{"name":"(anonymous_17)","decl":{"start":{"line":410,"column":43},"end":{"line":410,"column":44}},"loc":{"start":{"line":410,"column":55},"end":{"line":413,"column":5}},"line":410},"18":{"name":"(anonymous_18)","decl":{"start":{"line":414,"column":45},"end":{"line":414,"column":46}},"loc":{"start":{"line":414,"column":57},"end":{"line":417,"column":5}},"line":414},"19":{"name":"(anonymous_19)","decl":{"start":{"line":427,"column":38},"end":{"line":427,"column":39}},"loc":{"start":{"line":427,"column":49},"end":{"line":445,"column":5}},"line":427},"20":{"name":"(anonymous_20)","decl":{"start":{"line":448,"column":41},"end":{"line":448,"column":42}},"loc":{"start":{"line":448,"column":53},"end":{"line":466,"column":5}},"line":448},"21":{"name":"(anonymous_21)","decl":{"start":{"line":472,"column":43},"end":{"line":472,"column":44}},"loc":{"start":{"line":472,"column":55},"end":{"line":482,"column":5}},"line":472},"22":{"name":"(anonymous_22)","decl":{"start":{"line":485,"column":45},"end":{"line":485,"column":46}},"loc":{"start":{"line":485,"column":57},"end":{"line":495,"column":5}},"line":485},"23":{"name":"(anonymous_23)","decl":{"start":{"line":499,"column":14},"end":{"line":499,"column":15}},"loc":{"start":{"line":499,"column":19},"end":{"line":499,"column":42}},"line":499},"24":{"name":"(anonymous_24)","decl":{"start":{"line":500,"column":14},"end":{"line":500,"column":15}},"loc":{"start":{"line":500,"column":26},"end":{"line":500,"column":42}},"line":500},"25":{"name":"(anonymous_25)","decl":{"start":{"line":502,"column":16},"end":{"line":502,"column":17}},"loc":{"start":{"line":502,"column":22},"end":{"line":502,"column":46}},"line":502},"26":{"name":"(anonymous_26)","decl":{"start":{"line":503,"column":16},"end":{"line":503,"column":17}},"loc":{"start":{"line":503,"column":29},"end":{"line":503,"column":51}},"line":503},"27":{"name":"(anonymous_27)","decl":{"start":{"line":506,"column":14},"end":{"line":506,"column":15}},"loc":{"start":{"line":506,"column":19},"end":{"line":506,"column":44}},"line":506},"28":{"name":"(anonymous_28)","decl":{"start":{"line":507,"column":14},"end":{"line":507,"column":15}},"loc":{"start":{"line":507,"column":26},"end":{"line":507,"column":42}},"line":507},"29":{"name":"(anonymous_29)","decl":{"start":{"line":509,"column":16},"end":{"line":509,"column":17}},"loc":{"start":{"line":509,"column":22},"end":{"line":509,"column":48}},"line":509},"30":{"name":"(anonymous_30)","decl":{"start":{"line":510,"column":16},"end":{"line":510,"column":17}},"loc":{"start":{"line":510,"column":29},"end":{"line":510,"column":51}},"line":510}},"branchMap":{"0":{"loc":{"start":{"line":24,"column":2},"end":{"line":24,"column":24}},"type":"default-arg","locations":[{"start":{"line":24,"column":22},"end":{"line":24,"column":24}}],"line":24},"1":{"loc":{"start":{"line":28,"column":24},"end":{"line":28,"column":55}},"type":"binary-expr","locations":[{"start":{"line":28,"column":24},"end":{"line":28,"column":49}},{"start":{"line":28,"column":53},"end":{"line":28,"column":55}}],"line":28},"2":{"loc":{"start":{"line":50,"column":42},"end":{"line":50,"column":65}},"type":"default-arg","locations":[{"start":{"line":50,"column":56},"end":{"line":50,"column":65}}],"line":50},"3":{"loc":{"start":{"line":53,"column":4},"end":{"line":56,"column":5}},"type":"if","locations":[{"start":{"line":53,"column":4},"end":{"line":56,"column":5}},{"start":{},"end":{}}],"line":53},"4":{"loc":{"start":{"line":53,"column":8},"end":{"line":53,"column":69}},"type":"binary-expr","locations":[{"start":{"line":53,"column":8},"end":{"line":53,"column":44}},{"start":{"line":53,"column":48},"end":{"line":53,"column":69}}],"line":53},"5":{"loc":{"start":{"line":70,"column":48},"end":{"line":70,"column":85}},"type":"binary-expr","locations":[{"start":{"line":70,"column":48},"end":{"line":70,"column":79}},{"start":{"line":70,"column":83},"end":{"line":70,"column":85}}],"line":70},"6":{"loc":{"start":{"line":80,"column":2},"end":{"line":80,"column":26}},"type":"if","locations":[{"start":{"line":80,"column":2},"end":{"line":80,"column":26}},{"start":{},"end":{}}],"line":80},"7":{"loc":{"start":{"line":81,"column":2},"end":{"line":84,"column":3}},"type":"if","locations":[{"start":{"line":81,"column":2},"end":{"line":84,"column":3}},{"start":{},"end":{}}],"line":81},"8":{"loc":{"start":{"line":168,"column":4},"end":{"line":193,"column":5}},"type":"if","locations":[{"start":{"line":168,"column":4},"end":{"line":193,"column":5}},{"start":{},"end":{}}],"line":168},"9":{"loc":{"start":{"line":168,"column":8},"end":{"line":168,"column":116}},"type":"binary-expr","locations":[{"start":{"line":168,"column":8},"end":{"line":168,"column":29}},{"start":{"line":168,"column":33},"end":{"line":168,"column":75}},{"start":{"line":168,"column":79},"end":{"line":168,"column":116}}],"line":168},"10":{"loc":{"start":{"line":198,"column":21},"end":{"line":198,"column":45}},"type":"binary-expr","locations":[{"start":{"line":198,"column":21},"end":{"line":198,"column":39}},{"start":{"line":198,"column":43},"end":{"line":198,"column":45}}],"line":198},"11":{"loc":{"start":{"line":199,"column":26},"end":{"line":199,"column":55}},"type":"binary-expr","locations":[{"start":{"line":199,"column":26},"end":{"line":199,"column":49}},{"start":{"line":199,"column":53},"end":{"line":199,"column":55}}],"line":199},"12":{"loc":{"start":{"line":216,"column":4},"end":{"line":232,"column":5}},"type":"if","locations":[{"start":{"line":216,"column":4},"end":{"line":232,"column":5}},{"start":{},"end":{}}],"line":216},"13":{"loc":{"start":{"line":216,"column":8},"end":{"line":216,"column":122}},"type":"binary-expr","locations":[{"start":{"line":216,"column":8},"end":{"line":216,"column":31}},{"start":{"line":216,"column":35},"end":{"line":216,"column":79}},{"start":{"line":216,"column":83},"end":{"line":216,"column":122}}],"line":216},"14":{"loc":{"start":{"line":237,"column":22},"end":{"line":237,"column":47}},"type":"binary-expr","locations":[{"start":{"line":237,"column":22},"end":{"line":237,"column":41}},{"start":{"line":237,"column":45},"end":{"line":237,"column":47}}],"line":237},"15":{"loc":{"start":{"line":238,"column":26},"end":{"line":238,"column":55}},"type":"binary-expr","locations":[{"start":{"line":238,"column":26},"end":{"line":238,"column":49}},{"start":{"line":238,"column":53},"end":{"line":238,"column":55}}],"line":238},"16":{"loc":{"start":{"line":260,"column":4},"end":{"line":269,"column":5}},"type":"if","locations":[{"start":{"line":260,"column":4},"end":{"line":269,"column":5}},{"start":{},"end":{}}],"line":260},"17":{"loc":{"start":{"line":266,"column":27},"end":{"line":266,"column":66}},"type":"binary-expr","locations":[{"start":{"line":266,"column":27},"end":{"line":266,"column":44}},{"start":{"line":266,"column":48},"end":{"line":266,"column":66}}],"line":266},"18":{"loc":{"start":{"line":288,"column":4},"end":{"line":312,"column":5}},"type":"if","locations":[{"start":{"line":288,"column":4},"end":{"line":312,"column":5}},{"start":{},"end":{}}],"line":288},"19":{"loc":{"start":{"line":288,"column":8},"end":{"line":288,"column":45}},"type":"binary-expr","locations":[{"start":{"line":288,"column":8},"end":{"line":288,"column":21}},{"start":{"line":288,"column":25},"end":{"line":288,"column":45}}],"line":288},"20":{"loc":{"start":{"line":291,"column":8},"end":{"line":310,"column":9}},"type":"if","locations":[{"start":{"line":291,"column":8},"end":{"line":310,"column":9}},{"start":{},"end":{}}],"line":291},"21":{"loc":{"start":{"line":293,"column":10},"end":{"line":309,"column":11}},"type":"if","locations":[{"start":{"line":293,"column":10},"end":{"line":309,"column":11}},{"start":{},"end":{}}],"line":293},"22":{"loc":{"start":{"line":293,"column":14},"end":{"line":293,"column":42}},"type":"binary-expr","locations":[{"start":{"line":293,"column":14},"end":{"line":293,"column":23}},{"start":{"line":293,"column":27},"end":{"line":293,"column":42}}],"line":293},"23":{"loc":{"start":{"line":301,"column":14},"end":{"line":305,"column":15}},"type":"if","locations":[{"start":{"line":301,"column":14},"end":{"line":305,"column":15}},{"start":{"line":303,"column":21},"end":{"line":305,"column":15}}],"line":301},"24":{"loc":{"start":{"line":301,"column":18},"end":{"line":301,"column":46}},"type":"binary-expr","locations":[{"start":{"line":301,"column":18},"end":{"line":301,"column":33}},{"start":{"line":301,"column":37},"end":{"line":301,"column":46}}],"line":301},"25":{"loc":{"start":{"line":321,"column":25},"end":{"line":321,"column":64}},"type":"binary-expr","locations":[{"start":{"line":321,"column":25},"end":{"line":321,"column":42}},{"start":{"line":321,"column":46},"end":{"line":321,"column":64}}],"line":321},"26":{"loc":{"start":{"line":338,"column":2},"end":{"line":338,"column":55}},"type":"if","locations":[{"start":{"line":338,"column":2},"end":{"line":338,"column":55}},{"start":{},"end":{}}],"line":338},"27":{"loc":{"start":{"line":338,"column":6},"end":{"line":338,"column":41}},"type":"binary-expr","locations":[{"start":{"line":338,"column":6},"end":{"line":338,"column":18}},{"start":{"line":338,"column":22},"end":{"line":338,"column":41}}],"line":338},"28":{"loc":{"start":{"line":348,"column":22},"end":{"line":348,"column":58}},"type":"binary-expr","locations":[{"start":{"line":348,"column":22},"end":{"line":348,"column":53}},{"start":{"line":348,"column":57},"end":{"line":348,"column":58}}],"line":348},"29":{"loc":{"start":{"line":349,"column":22},"end":{"line":349,"column":58}},"type":"binary-expr","locations":[{"start":{"line":349,"column":22},"end":{"line":349,"column":53}},{"start":{"line":349,"column":57},"end":{"line":349,"column":58}}],"line":349},"30":{"loc":{"start":{"line":383,"column":2},"end":{"line":385,"column":3}},"type":"if","locations":[{"start":{"line":383,"column":2},"end":{"line":385,"column":3}},{"start":{},"end":{}}],"line":383},"31":{"loc":{"start":{"line":389,"column":4},"end":{"line":392,"column":5}},"type":"if","locations":[{"start":{"line":389,"column":4},"end":{"line":392,"column":5}},{"start":{},"end":{}}],"line":389},"32":{"loc":{"start":{"line":429,"column":20},"end":{"line":429,"column":63}},"type":"binary-expr","locations":[{"start":{"line":429,"column":20},"end":{"line":429,"column":58}},{"start":{"line":429,"column":62},"end":{"line":429,"column":63}}],"line":429},"33":{"loc":{"start":{"line":450,"column":20},"end":{"line":450,"column":64}},"type":"binary-expr","locations":[{"start":{"line":450,"column":20},"end":{"line":450,"column":59}},{"start":{"line":450,"column":63},"end":{"line":450,"column":64}}],"line":450},"34":{"loc":{"start":{"line":474,"column":6},"end":{"line":481,"column":7}},"type":"if","locations":[{"start":{"line":474,"column":6},"end":{"line":481,"column":7}},{"start":{},"end":{}}],"line":474},"35":{"loc":{"start":{"line":487,"column":6},"end":{"line":494,"column":7}},"type":"if","locations":[{"start":{"line":487,"column":6},"end":{"line":494,"column":7}},{"start":{},"end":{}}],"line":487}},"s":{"0":1,"1":1,"2":1,"3":1,"4":1,"5":3,"6":3,"7":3,"8":0,"9":0,"10":3,"11":0,"12":0,"13":1,"14":6,"15":6,"16":1,"17":5,"18":0,"19":0,"20":5,"21":1,"22":1,"23":1,"24":1,"25":1,"26":1,"27":0,"28":0,"29":0,"30":0,"31":0,"32":1,"33":1,"34":1,"35":1,"36":0,"37":0,"38":0,"39":0,"40":0,"41":1,"42":1,"43":3,"44":3,"45":1,"46":0,"47":0,"48":0,"49":0,"50":0,"51":0,"52":1,"53":3,"54":1,"55":1,"56":1,"57":0,"58":0,"59":0,"60":0,"61":0,"62":0,"63":0,"64":0,"65":0,"66":0,"67":0,"68":0,"69":0,"70":0,"71":0,"72":0,"73":0,"74":1,"75":1,"76":1,"77":3,"78":3,"79":1,"80":0,"81":0,"82":0,"83":0,"84":0,"85":0,"86":0,"87":0,"88":0,"89":0,"90":0,"91":0,"92":0,"93":7,"94":7,"95":1,"96":6,"97":6,"98":5,"99":5,"100":1,"101":1,"102":1,"103":1,"104":2,"105":1,"106":1,"107":1,"108":0,"109":0,"110":1,"111":0,"112":0,"113":1,"114":1,"115":1,"116":1,"117":2,"118":2,"119":2,"120":2,"121":2,"122":1,"123":1,"124":1,"125":1,"126":1,"127":1,"128":1,"129":1,"130":0,"131":0,"132":0,"133":0,"134":1,"135":0,"136":0,"137":0,"138":0,"139":1,"140":3,"141":2,"142":0,"143":0,"144":1,"145":3,"146":1,"147":0,"148":0,"149":1,"150":1,"151":1,"152":1,"153":1,"154":1},"f":{"0":3,"1":1,"2":6,"3":1,"4":1,"5":1,"6":3,"7":3,"8":0,"9":3,"10":0,"11":0,"12":3,"13":0,"14":7,"15":2,"16":1,"17":0,"18":0,"19":2,"20":1,"21":0,"22":0,"23":3,"24":2,"25":0,"26":0,"27":3,"28":1,"29":0,"30":0},"b":{"0":[1],"1":[1,0],"2":[0],"3":[0,3],"4":[3,3],"5":[1,0],"6":[1,5],"7":[0,5],"8":[1,0],"9":[1,0,0],"10":[0,0],"11":[0,0],"12":[1,0],"13":[1,0,0],"14":[0,0],"15":[0,0],"16":[0,1],"17":[0,0],"18":[0,0],"19":[0,0],"20":[0,0],"21":[0,0],"22":[0,0],"23":[0,0],"24":[0,0],"25":[3,0],"26":[0,0],"27":[0,0],"28":[0,0],"29":[0,0],"30":[1,6],"31":[5,1],"32":[2,0],"33":[1,0],"34":[0,0],"35":[0,0]},"inputSourceMap":null,"_coverageSchema":"1a1c01bbd47fc00a2c39e90264f33305004495a9","hash":"38100847c8daa93128100e1ca437833cd2451159"}
,"/Users/ankan-macbook/Desktop/Code/EnSolv/backend/src/tokenMappings.js": {"path":"/Users/ankan-macbook/Desktop/Code/EnSolv/backend/src/tokenMappings.js","statementMap":{"0":{"start":{"line":21,"column":38},"end":{"line":34,"column":1}},"1":{"start":{"line":45,"column":40},"end":{"line":52,"column":1}},"2":{"start":{"line":60,"column":34},"end":{"line":63,"column":1}},"3":{"start":{"line":82,"column":18},"end":{"line":82,"column":64}},"4":{"start":{"line":83,"column":2},"end":{"line":83,"column":46}},"5":{"start":{"line":102,"column":2},"end":{"line":102,"column":41}}},"fnMap":{"0":{"name":"getPriceFeedId","decl":{"start":{"line":81,"column":16},"end":{"line":81,"column":30}},"loc":{"start":{"line":81,"column":45},"end":{"line":84,"column":1}},"line":81},"1":{"name":"getSupportedTokens","decl":{"start":{"line":101,"column":16},"end":{"line":101,"column":34}},"loc":{"start":{"line":101,"column":37},"end":{"line":103,"column":1}},"line":101}},"branchMap":{"0":{"loc":{"start":{"line":83,"column":9},"end":{"line":83,"column":45}},"type":"cond-expr","locations":[{"start":{"line":83,"column":19},"end":{"line":83,"column":38}},{"start":{"line":83,"column":41},"end":{"line":83,"column":45}}],"line":83}},"s":{"0":2,"1":2,"2":2,"3":10,"4":10,"5":5},"f":{"0":10,"1":5},"b":{"0":[8,2]},"inputSourceMap":null,"_coverageSchema":"1a1c01bbd47fc00a2c39e90264f33305004495a9","hash":"43fc466ed2af2d758ce799fdec2d90de92f0346a"}
}
