TN:
SF:src/index.js
FN:33,(anonymous_0)
FN:38,(anonymous_1)
FN:53,(anonymous_2)
FN:72,(anonymous_3)
FN:146,(anonymous_4)
FN:197,(anonymous_5)
FN:214,(anonymous_6)
FN:226,(anonymous_7)
FNF:8
FNH:0
FNDA:0,(anonymous_0)
FNDA:0,(anonymous_1)
FNDA:0,(anonymous_2)
FNDA:0,(anonymous_3)
FNDA:0,(anonymous_4)
FNDA:0,(anonymous_5)
FNDA:0,(anonymous_6)
FNDA:0,(anonymous_7)
DA:19,0
DA:21,0
DA:23,0
DA:24,0
DA:33,0
DA:34,0
DA:35,0
DA:38,0
DA:39,0
DA:42,0
DA:45,0
DA:53,0
DA:54,0
DA:72,0
DA:73,0
DA:74,0
DA:77,0
DA:78,0
DA:79,0
DA:86,0
DA:87,0
DA:88,0
DA:94,0
DA:95,0
DA:96,0
DA:98,0
DA:99,0
DA:102,0
DA:111,0
DA:114,0
DA:115,0
DA:118,0
DA:119,0
DA:125,0
DA:126,0
DA:133,0
DA:146,0
DA:147,0
DA:197,0
DA:198,0
DA:199,0
DA:214,0
DA:215,0
DA:216,0
DA:226,0
DA:227,0
DA:228,0
DA:229,0
DA:230,0
LF:49
LH:0
BRDA:21,0,0,0
BRDA:21,0,1,0
BRDA:77,1,0,0
BRDA:77,1,1,0
BRDA:77,2,0,0
BRDA:77,2,1,0
BRDA:86,3,0,0
BRDA:86,3,1,0
BRDA:118,4,0,0
BRDA:118,4,1,0
BRDA:125,5,0,0
BRDA:125,5,1,0
BRDA:125,6,0,0
BRDA:125,6,1,0
BRF:14
BRH:0
end_of_record
TN:
SF:src/portfolioService.js
FN:50,safeFormatUnits
FN:69,setCache
FN:78,getCache
FN:165,fetchPolygonData
FN:213,fetchRootstockData
FN:253,fetchPythPrices
FN:257,(anonymous_6)
FN:258,(anonymous_7)
FN:264,(anonymous_8)
FN:272,(anonymous_9)
FN:289,(anonymous_10)
FN:292,(anonymous_11)
FN:319,(anonymous_12)
FN:334,calculateLiquidityPositionValue
FN:380,getPortfolioData
FN:406,(anonymous_15)
FN:407,(anonymous_16)
FN:410,(anonymous_17)
FN:414,(anonymous_18)
FN:427,(anonymous_19)
FN:448,(anonymous_20)
FN:472,(anonymous_21)
FN:485,(anonymous_22)
FN:499,(anonymous_23)
FN:500,(anonymous_24)
FN:502,(anonymous_25)
FN:503,(anonymous_26)
FN:506,(anonymous_27)
FN:507,(anonymous_28)
FN:509,(anonymous_29)
FN:510,(anonymous_30)
FNF:31
FNH:19
FNDA:3,safeFormatUnits
FNDA:1,setCache
FNDA:6,getCache
FNDA:1,fetchPolygonData
FNDA:1,fetchRootstockData
FNDA:1,fetchPythPrices
FNDA:3,(anonymous_6)
FNDA:3,(anonymous_7)
FNDA:0,(anonymous_8)
FNDA:3,(anonymous_9)
FNDA:0,(anonymous_10)
FNDA:0,(anonymous_11)
FNDA:3,(anonymous_12)
FNDA:0,calculateLiquidityPositionValue
FNDA:7,getPortfolioData
FNDA:2,(anonymous_15)
FNDA:1,(anonymous_16)
FNDA:0,(anonymous_17)
FNDA:0,(anonymous_18)
FNDA:2,(anonymous_19)
FNDA:1,(anonymous_20)
FNDA:0,(anonymous_21)
FNDA:0,(anonymous_22)
FNDA:3,(anonymous_23)
FNDA:2,(anonymous_24)
FNDA:0,(anonymous_25)
FNDA:0,(anonymous_26)
FNDA:3,(anonymous_27)
FNDA:1,(anonymous_28)
FNDA:0,(anonymous_29)
FNDA:0,(anonymous_30)
DA:25,1
DA:28,1
DA:31,1
DA:38,1
DA:41,1
DA:51,3
DA:52,3
DA:53,3
DA:54,0
DA:55,0
DA:57,3
DA:59,0
DA:60,0
DA:70,1
DA:79,6
DA:80,6
DA:81,5
DA:82,0
DA:83,0
DA:85,5
DA:89,1
DA:124,1
DA:166,1
DA:168,1
DA:169,1
DA:170,1
DA:195,0
DA:196,0
DA:197,0
DA:202,0
DA:203,0
DA:214,1
DA:216,1
DA:217,1
DA:218,1
DA:234,0
DA:235,0
DA:236,0
DA:241,0
DA:242,0
DA:254,1
DA:256,1
DA:257,3
DA:258,3
DA:260,1
DA:261,0
DA:263,0
DA:264,0
DA:265,0
DA:266,0
DA:268,0
DA:272,3
DA:273,1
DA:275,1
DA:278,1
DA:285,0
DA:288,0
DA:289,0
DA:290,0
DA:291,0
DA:292,0
DA:293,0
DA:295,0
DA:296,0
DA:297,0
DA:298,0
DA:301,0
DA:302,0
DA:304,0
DA:307,0
DA:314,0
DA:316,1
DA:318,1
DA:319,1
DA:320,3
DA:321,3
DA:323,1
DA:335,0
DA:336,0
DA:338,0
DA:341,0
DA:344,0
DA:345,0
DA:348,0
DA:349,0
DA:351,0
DA:352,0
DA:353,0
DA:355,0
DA:381,7
DA:383,7
DA:384,1
DA:388,6
DA:389,6
DA:390,5
DA:391,5
DA:394,1
DA:397,1
DA:403,1
DA:406,2
DA:407,1
DA:410,1
DA:411,0
DA:412,0
DA:414,1
DA:415,0
DA:416,0
DA:420,1
DA:423,1
DA:424,1
DA:427,1
DA:428,2
DA:429,2
DA:430,2
DA:432,2
DA:444,2
DA:448,1
DA:449,1
DA:450,1
DA:451,1
DA:453,1
DA:465,1
DA:469,1
DA:472,1
DA:473,0
DA:474,0
DA:475,0
DA:480,0
DA:485,1
DA:486,0
DA:487,0
DA:488,0
DA:493,0
DA:498,1
DA:499,3
DA:500,2
DA:502,0
DA:503,0
DA:505,1
DA:506,3
DA:507,1
DA:509,0
DA:510,0
DA:512,1
DA:530,1
DA:531,1
DA:533,1
DA:536,1
DA:537,1
LF:149
LH:83
BRDA:24,0,0,1
BRDA:28,1,0,1
BRDA:28,1,1,0
BRDA:50,2,0,0
BRDA:53,3,0,0
BRDA:53,3,1,3
BRDA:53,4,0,3
BRDA:53,4,1,3
BRDA:70,5,0,1
BRDA:70,5,1,0
BRDA:80,6,0,1
BRDA:80,6,1,5
BRDA:81,7,0,0
BRDA:81,7,1,5
BRDA:168,8,0,1
BRDA:168,8,1,0
BRDA:168,9,0,1
BRDA:168,9,1,0
BRDA:168,9,2,0
BRDA:198,10,0,0
BRDA:198,10,1,0
BRDA:199,11,0,0
BRDA:199,11,1,0
BRDA:216,12,0,1
BRDA:216,12,1,0
BRDA:216,13,0,1
BRDA:216,13,1,0
BRDA:216,13,2,0
BRDA:237,14,0,0
BRDA:237,14,1,0
BRDA:238,15,0,0
BRDA:238,15,1,0
BRDA:260,16,0,0
BRDA:260,16,1,1
BRDA:266,17,0,0
BRDA:266,17,1,0
BRDA:288,18,0,0
BRDA:288,18,1,0
BRDA:288,19,0,0
BRDA:288,19,1,0
BRDA:291,20,0,0
BRDA:291,20,1,0
BRDA:293,21,0,0
BRDA:293,21,1,0
BRDA:293,22,0,0
BRDA:293,22,1,0
BRDA:301,23,0,0
BRDA:301,23,1,0
BRDA:301,24,0,0
BRDA:301,24,1,0
BRDA:321,25,0,3
BRDA:321,25,1,0
BRDA:338,26,0,0
BRDA:338,26,1,0
BRDA:338,27,0,0
BRDA:338,27,1,0
BRDA:348,28,0,0
BRDA:348,28,1,0
BRDA:349,29,0,0
BRDA:349,29,1,0
BRDA:383,30,0,1
BRDA:383,30,1,6
BRDA:389,31,0,5
BRDA:389,31,1,1
BRDA:429,32,0,2
BRDA:429,32,1,0
BRDA:450,33,0,1
BRDA:450,33,1,0
BRDA:474,34,0,0
BRDA:474,34,1,0
BRDA:487,35,0,0
BRDA:487,35,1,0
BRF:72
BRH:21
end_of_record
TN:
SF:src/tokenMappings.js
FN:81,getPriceFeedId
FN:101,getSupportedTokens
FNF:2
FNH:2
FNDA:10,getPriceFeedId
FNDA:5,getSupportedTokens
DA:21,2
DA:45,2
DA:60,2
DA:82,10
DA:83,10
DA:102,5
LF:6
LH:6
BRDA:83,0,0,8
BRDA:83,0,1,2
BRF:2
BRH:2
end_of_record
